<?xml version="1.0" encoding="UTF-8"?>
<!-- Generated by org.testng.reporters.JUnitReportReporter -->
<testsuite hostname="DESKTOP-GO6GOPM" failures="0" tests="1" name="Practice_Package.RetryClass" time="0.017" errors="0" timestamp="2023-01-11T17:55:25 IST" skipped="0">
  <testcase classname="Practice_Package.RetryClass" name="runSample" time="0.017"/>
  <system-out/>
</testsuite> <!-- Practice_Package.RetryClass -->
