<?xml version="1.0" encoding="UTF-8"?>
<!-- Generated by org.testng.reporters.JUnitReportReporter -->
<testsuite hostname="DESKTOP-GO6GOPM" failures="0" tests="5" name="Practice_Package.DiffrentAnnotations" time="0.028" errors="0" timestamp="2023-01-09T16:16:18 IST" skipped="0">
  <testcase classname="Practice_Package.DiffrentAnnotations" name="createClass" time="0.015"/>
  <system-out/>
  <testcase classname="Practice_Package.DiffrentAnnotations" name="createGrade" time="0.004"/>
  <system-out/>
  <testcase classname="Practice_Package.DiffrentAnnotations" name="addTeacher" time="0.003"/>
  <system-out/>
  <testcase classname="Practice_Package.DiffrentAnnotations" name="addStudent" time="0.004"/>
  <system-out/>
  <testcase classname="Practice_Package.DiffrentAnnotations" name="addSubject" time="0.002"/>
  <system-out/>
</testsuite> <!-- Practice_Package.DiffrentAnnotations -->
