<?xml version="1.0" encoding="UTF-8"?>
<!-- Generated by org.testng.reporters.JUnitReportReporter -->
<testsuite hostname="DESKTOP-GO6GOPM" failures="0" tests="6" name="Practice_Package.DataProviderFromExcel" time="0.082" errors="0" timestamp="2023-01-09T12:39:40 IST" skipped="0">
  <testcase classname="Practice_Package.DataProviderFromExcel" name="readData" time="0.008"/>
  <system-out/>
  <testcase classname="Practice_Package.DataProviderFromExcel" name="readData" time="0.047"/>
  <system-out/>
  <testcase classname="Practice_Package.DataProviderFromExcel" name="readData" time="0.008"/>
  <system-out/>
  <testcase classname="Practice_Package.DataProviderFromExcel" name="readData" time="0.004"/>
  <system-out/>
  <testcase classname="Practice_Package.DataProviderFromExcel" name="readData" time="0.008"/>
  <system-out/>
  <testcase classname="Practice_Package.DataProviderFromExcel" name="readData" time="0.007"/>
  <system-out/>
</testsuite> <!-- Practice_Package.DataProviderFromExcel -->
