<?xml version="1.0" encoding="UTF-8"?>
<!-- Generated by org.testng.reporters.JUnitReportReporter -->
<testsuite hostname="DESKTOP-GO6GOPM" failures="0" tests="4" name="Practice_Package.Practice_DataProviderTest" time="0.035" errors="0" timestamp="2023-01-06T17:07:32 IST" skipped="0">
  <testcase classname="Practice_Package.Practice_DataProviderTest" name="travel" time="0.028"/>
  <system-out/>
  <testcase classname="Practice_Package.Practice_DataProviderTest" name="travel" time="0.002"/>
  <system-out/>
  <testcase classname="Practice_Package.Practice_DataProviderTest" name="travel" time="0.002"/>
  <system-out/>
  <testcase classname="Practice_Package.Practice_DataProviderTest" name="travel" time="0.003"/>
  <system-out/>
</testsuite> <!-- Practice_Package.Practice_DataProviderTest -->
