<?xml version="1.0" encoding="UTF-8"?>
<!-- Generated by org.testng.reporters.JUnitReportReporter -->
<testsuite hostname="DESKTOP-GO6GOPM" failures="0" tests="1" name="Add_Subject.AddSubject_POM" time="9.400" errors="0" timestamp="2023-01-09T17:13:19 IST" skipped="0">
  <testcase classname="Add_Subject.AddSubject_POM" name="configSubject" time="9.400"/>
  <system-out/>
</testsuite> <!-- Add_Subject.AddSubject_POM -->
