<?xml version="1.0" encoding="UTF-8"?>
<!-- Generated by org.testng.reporters.JUnitReportReporter -->
<testsuite hostname="DESKTOP-GO6GOPM" failures="0" tests="4" name="Practice_Package.SampleTest" time="0.045" errors="0" timestamp="2023-01-06T15:43:37 IST" skipped="0">
  <testcase classname="Practice_Package.SampleTest" name="create" time="0.029"/>
  <system-out/>
  <testcase classname="Practice_Package.SampleTest" name="delete" time="0.009"/>
  <system-out/>
  <testcase classname="Practice_Package.SampleTest" name="update" time="0.003"/>
  <system-out/>
  <testcase classname="Practice_Package.SampleTest" name="update" time="0.004"/>
  <system-out/>
</testsuite> <!-- Practice_Package.SampleTest -->
