<?xml version="1.0" encoding="UTF-8"?>
<!-- Generated by org.testng.reporters.JUnitReportReporter -->
<testsuite hostname="DESKTOP-GO6GOPM" failures="0" tests="4" name="Practice_Package.SampleTestNgTest_3" time="0.033" errors="0" timestamp="2023-01-11T13:58:23 IST" skipped="0">
  <testcase classname="Practice_Package.SampleTestNgTest_3" name="test6" time="0.003"/>
  <system-out/>
  <testcase classname="Practice_Package.SampleTestNgTest_3" name="test6" time="0.005"/>
  <system-out/>
  <testcase classname="Practice_Package.SampleTestNgTest_3" name="test5" time="0.002"/>
  <system-out/>
  <testcase classname="Practice_Package.SampleTestNgTest_3" name="test5" time="0.023"/>
  <system-out/>
</testsuite> <!-- Practice_Package.SampleTestNgTest_3 -->
