<?xml version="1.0" encoding="UTF-8"?>
<!-- Generated by org.testng.reporters.JUnitReportReporter -->
<testsuite hostname="DESKTOP-GO6GOPM" failures="0" tests="1" name="Admin_Module.AddSubject_POMTest2" time="10.540" errors="0" timestamp="2023-01-11T14:05:17 IST" skipped="0">
  <testcase classname="Admin_Module.AddSubject_POMTest2" name="configSubject" time="10.540"/>
  <system-out/>
</testsuite> <!-- Admin_Module.AddSubject_POMTest2 -->
