<?xml version="1.0" encoding="UTF-8"?>
<!-- Generated by org.testng.reporters.JUnitReportReporter -->
<testsuite hostname="DESKTOP-GO6GOPM" failures="0" tests="1" name="Teacher_Module.SearchStudent_POMTest5" time="7.506" errors="0" timestamp="2023-01-12T10:20:48 IST" skipped="0">
  <testcase classname="Teacher_Module.SearchStudent_POMTest5" name="configStudent" time="7.506"/>
  <system-out/>
</testsuite> <!-- Teacher_Module.SearchStudent_POMTest5 -->
