<?xml version="1.0" encoding="UTF-8"?>
<!-- Generated by org.testng.reporters.JUnitReportReporter -->
<testsuite hostname="DESKTOP-GO6GOPM" failures="0" tests="5" name="Practice_Package.DataProviderTest" time="0.043" errors="0" timestamp="2023-01-09T12:38:52 IST" skipped="0">
  <testcase classname="Practice_Package.DataProviderTest" name="readData" time="0.008"/>
  <system-out/>
  <testcase classname="Practice_Package.DataProviderTest" name="readData" time="0.019"/>
  <system-out/>
  <testcase classname="Practice_Package.DataProviderTest" name="readData" time="0.004"/>
  <system-out/>
  <testcase classname="Practice_Package.DataProviderTest" name="readData" time="0.006"/>
  <system-out/>
  <testcase classname="Practice_Package.DataProviderTest" name="readData" time="0.006"/>
  <system-out/>
</testsuite> <!-- Practice_Package.DataProviderTest -->
