<?xml version="1.0" encoding="UTF-8"?>
<!-- Generated by org.testng.reporters.JUnitReportReporter -->
<testsuite hostname="DESKTOP-GO6GOPM" failures="0" tests="2" name="Practice_Package.SampleTestNgTest_1" time="0.018" errors="0" timestamp="2023-01-16T16:31:59 IST" skipped="0">
  <testcase classname="Practice_Package.SampleTestNgTest_1" name="test1" time="0.016"/>
  <system-out/>
  <testcase classname="Practice_Package.SampleTestNgTest_1" name="test2" time="0.002"/>
  <system-out/>
</testsuite> <!-- Practice_Package.SampleTestNgTest_1 -->
