<?xml version="1.0" encoding="UTF-8"?>
<!-- Generated by org.testng.reporters.JUnitReportReporter -->
<testsuite hostname="DESKTOP-GO6GOPM" failures="0" tests="1" name="Create_Grade.CreateGrade_POM" time="9.138" errors="0" timestamp="2023-01-10T11:48:17 IST" skipped="0">
  <testcase classname="Create_Grade.CreateGrade_POM" name="configGrade" time="9.138"/>
  <system-out/>
</testsuite> <!-- Create_Grade.CreateGrade_POM -->
