<?xml version="1.0" encoding="UTF-8"?>
<!-- Generated by org.testng.reporters.JUnitReportReporter -->
<testsuite hostname="DESKTOP-GO6GOPM" failures="0" tests="1" name="Add_Teacher.AddTeacher_POM" time="10.804" errors="0" timestamp="2023-01-09T17:04:35 IST" skipped="0">
  <testcase classname="Add_Teacher.AddTeacher_POM" name="configTeacher" time="10.804"/>
  <system-out/>
</testsuite> <!-- Add_Teacher.AddTeacher_POM -->
