<?xml version="1.0" encoding="UTF-8"?>
<!-- Generated by org.testng.reporters.JUnitReportReporter -->
<testsuite hostname="DESKTOP-GO6GOPM" failures="0" tests="3" name="Practice_Package.Practice_DataProvider" time="0.059" errors="0" timestamp="2023-01-06T16:08:34 IST" skipped="0">
  <testcase classname="Practice_Package.Practice_DataProvider" name="travel" time="0.053"/>
  <system-out/>
  <testcase classname="Practice_Package.Practice_DataProvider" name="travel" time="0.003"/>
  <system-out/>
  <testcase classname="Practice_Package.Practice_DataProvider" name="travel" time="0.003"/>
  <system-out/>
</testsuite> <!-- Practice_Package.Practice_DataProvider -->
