<?xml version="1.0" encoding="UTF-8"?>
<!-- Generated by org.testng.reporters.JUnitReportReporter -->
<testsuite hostname="DESKTOP-GO6GOPM" failures="0" tests="1" name="Teacher_Module.SearchStudent_POM" time="8.230" errors="0" timestamp="2023-01-10T10:42:40 IST" skipped="0">
  <testcase classname="Teacher_Module.SearchStudent_POM" name="configStudent" time="8.230"/>
  <system-out/>
</testsuite> <!-- Teacher_Module.SearchStudent_POM -->
