<?xml version="1.0" encoding="UTF-8"?>
<!-- Generated by org.testng.reporters.JUnitReportReporter -->
<testsuite hostname="DESKTOP-GO6GOPM" failures="0" tests="1" name="Create_Classroom.AddClassroom_POM" time="9.281" errors="0" timestamp="2023-01-09T16:52:18 IST" skipped="0">
  <testcase classname="Create_Classroom.AddClassroom_POM" name="executeConfig" time="9.281"/>
  <system-out/>
</testsuite> <!-- Create_Classroom.AddClassroom_POM -->
