<?xml version="1.0" encoding="UTF-8"?>
<!-- Generated by org.testng.reporters.JUnitReportReporter -->
<testsuite hostname="DESKTOP-GO6GOPM" failures="0" tests="2" name="Practice_Package.SampleTestNgTest_2" time="0.007" errors="0" timestamp="2023-01-10T17:58:04 IST" skipped="0">
  <testcase classname="Practice_Package.SampleTestNgTest_2" name="test3" time="0.003"/>
  <system-out/>
  <testcase classname="Practice_Package.SampleTestNgTest_2" name="test4" time="0.004"/>
  <system-out/>
</testsuite> <!-- Practice_Package.SampleTestNgTest_2 -->
